TEST EXECUTION RUN LOG
Timestamp: 2026-09-11T19:30:24.2013490+05:30
Command: D:\Track_02_Human_Avatar\human_avatar_system\.venv\Scripts\python.exe -m pytest tests/ -v --cov=src/avatar_system --cov-report=term-missing
Exit Code: 0

STDOUT:
============================= test session starts =============================
platform win32 -- Python 3.13.5, pytest-9.1.1, pluggy-1.6.0 -- D:\Track_02_Human_Avatar\human_avatar_system\.venv\Scripts\python.exe
cachedir: .pytest_cache
rootdir: D:\Track_02_Human_Avatar\human_avatar_system
configfile: pyproject.toml
plugins: cov-7.1.0
collecting ... collected 39 items

tests/e2e/test_e2e_workflow.py::test_e2e_batch_generation_and_determinism PASSED [  2%]
tests/e2e/test_e2e_workflow.py::test_e2e_benchmark_execution PASSED      [  5%]
tests/integration/test_cli.py::test_cli_validate_success PASSED          [  7%]
tests/integration/test_cli.py::test_cli_validate_failure PASSED          [ 10%]
tests/integration/test_cli.py::test_cli_safety_check_refusal PASSED      [ 12%]
tests/integration/test_cli.py::test_cli_prepare_and_run_mock PASSED      [ 15%]
tests/integration/test_cli.py::test_cli_benchmark_and_clean PASSED       [ 17%]
tests/integration/test_pipeline.py::test_full_local_orchestration_pipeline PASSED [ 20%]
tests/unit/test_edge_cases.py::test_safety_raw_text_checks PASSED        [ 23%]
tests/unit/test_edge_cases.py::test_validator_missing_manifest PASSED    [ 25%]
tests/unit/test_edge_cases.py::test_validator_corrupted_manifest_json PASSED [ 28%]
tests/unit/test_edge_cases.py::test_router_invalid_route PASSED          [ 30%]
tests/unit/test_edge_cases.py::test_router_kaggle_route_direct_run_exception PASSED [ 33%]
tests/unit/test_evaluation.py::test_prompt_adherence_evaluation PASSED   [ 35%]
tests/unit/test_evaluation.py::test_batch_diversity_evaluation PASSED    [ 38%]
tests/unit/test_evaluation.py::test_controlled_attribute_verification PASSED [ 41%]
tests/unit/test_job_manager.py::test_prepare_and_write_job_bundle PASSED [ 43%]
tests/unit/test_job_manager.py::test_job_manager_deterministic_seed PASSED [ 46%]
tests/unit/test_job_manager.py::test_package_jobs_to_zip PASSED          [ 48%]
tests/unit/test_prompts.py::test_prompt_builder_basic PASSED             [ 51%]
tests/unit/test_prompts.py::test_prompt_builder_attribute_independence PASSED [ 53%]
tests/unit/test_prompts.py::test_prompt_builder_custom_negative PASSED   [ 56%]
tests/unit/test_provenance.py::test_sha256_computation PASSED            [ 58%]
tests/unit/test_provenance.py::test_provenance_manifest_creation_and_save PASSED [ 61%]
tests/unit/test_safety.py::test_safety_pass_for_fictional_avatar PASSED  [ 64%]
tests/unit/test_safety.py::test_safety_refusal_for_celebrity_likeness PASSED [ 66%]
tests/unit/test_safety.py::test_safety_refusal_for_deepfake_intent PASSED [ 69%]
tests/unit/test_safety.py::test_safety_refusal_for_unconsented_reference PASSED [ 71%]
tests/unit/test_safety.py::test_safety_pass_for_consented_reference PASSED [ 74%]
tests/unit/test_schemas.py::test_avatar_spec_valid_instantiation PASSED  [ 76%]
tests/unit/test_schemas.py::test_avatar_spec_invalid_id_characters PASSED [ 79%]
tests/unit/test_schemas.py::test_avatar_spec_negative_seed PASSED        [ 82%]
tests/unit/test_schemas.py::test_avatar_spec_unsupported_aspect_ratio PASSED [ 84%]
tests/unit/test_schemas.py::test_avatar_spec_get_dimensions PASSED       [ 87%]
tests/unit/test_validator.py::test_validator_valid_image PASSED          [ 89%]
tests/unit/test_validator.py::test_validator_detects_corrupted_file PASSED [ 92%]
tests/unit/test_validator.py::test_validator_detects_zero_byte_file PASSED [ 94%]
tests/unit/test_validator.py::test_validator_detects_dimension_mismatch PASSED [ 97%]
tests/unit/test_validator.py::test_validator_detects_hash_tampering PASSED [100%]

=============================== tests coverage ================================
_______________ coverage: platform win32, python 3.13.5-final-0 _______________

Name                               Stmts   Miss  Cover   Missing
----------------------------------------------------------------
src\avatar_system\__init__.py          9      0   100%
src\avatar_system\benchmark.py        91      8    91%   52, 60-61, 67, 71, 122, 128-129
src\avatar_system\cli.py             256     55    79%   16-17, 51, 58-62, 65-69, 76, 119-121, 136, 146-147, 175-180, 200-205, 217-220, 224-225, 247-250, 254, 263-264, 275-276, 348-350, 356-359, 378
src\avatar_system\config.py           33      4    88%   33, 67, 69, 74
src\avatar_system\evaluation.py       60      2    97%   63, 135
src\avatar_system\exceptions.py       17      2    88%   21-22
src\avatar_system\job_manager.py      77     13    83%   59, 66, 148, 169-187
src\avatar_system\prompts.py          42      0   100%
src\avatar_system\provenance.py       51      0   100%
src\avatar_system\routing.py          82     20    76%   152-204
src\avatar_system\safety.py           57      6    89%   125-129, 133, 154, 157
src\avatar_system\schemas.py         110      1    99%   110
src\avatar_system\validator.py        72      7    90%   34, 71, 85, 129, 131, 133, 135
----------------------------------------------------------------
TOTAL                                957    118    88%
============================= 39 passed in 1.77s ==============================


STDERR:

